<?xml version="1.0" encoding="UTF-8"?>
<!-- Generated by org.testng.reporters.JUnitReportReporter -->
<testsuite hostname="tot-dell-pc" failures="0" tests="1" name="dataDriven.excelDataProvider.dataProvide" time="0.000" errors="0" timestamp="2022-11-25T12:05:35 CET" skipped="1">
  <testcase classname="dataDriven.excelDataProvider.dataProvide" name="testCaseData" time="0.000">
    <skipped/>
  </testcase> <!-- testCaseData -->
  <system-out/>
</testsuite> <!-- dataDriven.excelDataProvider.dataProvide -->
