<?xml version="1.0" encoding="UTF-8"?>
<!-- Generated by org.testng.reporters.JUnitReportReporter -->
<testsuite hostname="tot-dell-pc" failures="0" tests="1" name="Tutorijali.Extentreports.ExtentReportDemo" time="20.354" errors="0" timestamp="2022-11-21T15:05:24 CET" skipped="0">
  <testcase classname="Tutorijali.Extentreports.ExtentReportDemo" name="initialDemo" time="20.354"/>
  <system-out/>
</testsuite> <!-- Tutorijali.Extentreports.ExtentReportDemo -->
