<?xml version="1.0" encoding="UTF-8"?>
<!-- Generated by org.testng.reporters.JUnitReportReporter -->
<testsuite hostname="tot-dell-pc" failures="0" tests="6" name="test.Day1" time="0.016" errors="0" timestamp="2022-11-04T21:13:49 CET" skipped="0">
  <testcase classname="test.Day1" name="Test2a" time="0.005"/>
  <system-out/>
  <testcase classname="test.Day1" name="Test1b" time="0.000"/>
  <system-out/>
  <testcase classname="test.Day1" name="Test2" time="0.001"/>
  <system-out/>
  <testcase classname="test.Day1" name="Test1" time="0.003"/>
  <system-out/>
  <testcase classname="test.Day1" name="APITest2b" time="0.006"/>
  <system-out/>
  <testcase classname="test.Day1" name="Test1a" time="0.001"/>
  <system-out/>
</testsuite> <!-- test.Day1 -->
