<?xml version="1.0" encoding="UTF-8"?>
<!-- Generated by org.testng.reporters.JUnitReportReporter -->
<testsuite hostname="tot-dell-pc" failures="0" tests="2" name="test.BasicsOfTestNG" time="0.008" errors="0" timestamp="2022-10-31T09:14:45 CET" skipped="0">
  <testcase classname="test.BasicsOfTestNG" name="TestOne" time="0.001"/>
  <system-out/>
  <testcase classname="test.BasicsOfTestNG" name="SecondTest" time="0.007"/>
  <system-out/>
</testsuite> <!-- test.BasicsOfTestNG -->
