<?xml version="1.0" encoding="UTF-8"?>
<!-- Generated by org.testng.reporters.JUnitReportReporter -->
<testsuite hostname="tot-dell-pc" failures="0" tests="6" name="test.Day3" time="0.011" errors="0" timestamp="2022-11-04T21:13:49 CET" skipped="0">
  <testcase classname="test.Day3" name="Test5" time="0.001"/>
  <system-out/>
  <testcase classname="test.Day3" name="APITest6" time="0.001"/>
  <system-out/>
  <testcase classname="test.Day3" name="Test7a" time="0.000"/>
  <system-out/>
  <testcase classname="test.Day3" name="Test7" time="0.006"/>
  <system-out/>
  <testcase classname="test.Day3" name="Test7a" time="0.002"/>
  <system-out/>
  <testcase classname="test.Day3" name="Test7a" time="0.001"/>
  <system-out/>
</testsuite> <!-- test.Day3 -->
