<?xml version="1.0" encoding="UTF-8"?>
<!-- Generated by org.testng.reporters.JUnitReportReporter -->
<testsuite hostname="tot-dell-pc" failures="0" tests="2" name="test.Day2" time="0.002" errors="0" timestamp="2022-11-04T21:13:49 CET" skipped="0">
  <testcase classname="test.Day2" name="APITest4" time="0.001"/>
  <system-out/>
  <testcase classname="test.Day2" name="Test3" time="0.001"/>
  <system-out/>
</testsuite> <!-- test.Day2 -->
